<!DOCTYPE html>
<html>
<head>
	<meta charset="utf-8">
	<meta name="viewport" content="width=device-width, initial-scale=1">
	<title>Vue Bundle</title>
	<link href="https://unpkg.com/bootstrap@4.5.0/dist/css/bootstrap.min.css" rel="stylesheet"/>
	<link href="https://unpkg.com/@fortawesome/fontawesome-free@5.13.0/css/all.css" rel="stylesheet"/>
	<script src="bundle.js" defer></script>
</head>
<body>
<div data-vue-component="pev2">
	<pre>
SELECT * FROM tenk1 t1, tenk2 t2 
WHERE t1.unique1 < 10 AND t1.unique2 = t2.unique2;
	</pre>
	<pre>
                                                           QUERY PLAN
---------------------------------------------------------------------------------------------------------------------------------
 Nested Loop  (cost=4.33..118.25 rows=10 width=488) (actual time=0.370..1.126 rows=10 loops=1)
   ->  Bitmap Heap Scan on tenk1 t1  (cost=4.33..39.44 rows=10 width=244) (actual time=0.254..0.380 rows=10 loops=1)
         Recheck Cond: (unique1 < 10)
         ->  Bitmap Index Scan on tenk1_unique1  (cost=0.00..4.33 rows=10 width=0) (actual time=0.164..0.164 rows=10 loops=1)
               Index Cond: (unique1 < 10)
   ->  Index Scan using tenk2_unique2 on tenk2 t2  (cost=0.00..7.87 rows=1 width=244) (actual time=0.041..0.048 rows=1 loops=10)
         Index Cond: (unique2 = t1.unique2)
 Total runtime: 2.114 ms
	</pre>
</div>

<div data-vue-component="pev2">
	<pre>
SELECT * FROM tenk1 t1, tenk3 t2 
WHERE t1.unique1 < 10 AND t1.unique2 = t2.unique2;
	</pre>
	<pre>
                                                           QUERY PLAN
---------------------------------------------------------------------------------------------------------------------------------
 Nested Loop  (cost=4.33..118.25 rows=10 width=488) (actual time=0.370..1.126 rows=10 loops=1)
   ->  Bitmap Heap Scan on tenk1 t1  (cost=4.33..39.44 rows=10 width=244) (actual time=0.254..0.380 rows=10 loops=1)
         Recheck Cond: (unique1 < 10)
         ->  Bitmap Index Scan on tenk1_unique1  (cost=0.00..4.33 rows=10 width=0) (actual time=0.164..0.164 rows=10 loops=1)
               Index Cond: (unique1 < 10)
   ->  Index Scan using tenk3_unique2 on tenk3 t2  (cost=0.00..7.87 rows=1 width=244) (actual time=0.041..0.048 rows=1 loops=10)
         Index Cond: (unique2 = t1.unique2)
 Total runtime: 3.114 ms
	</pre>
</div>
</body>
</html>